android/app/build/intermediates/manifest_merge_blame_file/debug/manifest-merger-blame-debug-report.txt
1<?xml version="1.0" encoding="utf-8"?>
2<manifest xmlns:android="http://schemas.android.com/apk/res/android"
3    package="com.awesomeprojecthandwritting"
4    android:versionCode="1"
5    android:versionName="1.0" >
6
7    <uses-sdk
8        android:minSdkVersion="21"
9        android:targetSdkVersion="33" />
10
11    <uses-permission android:name="android.permission.SYSTEM_ALERT_WINDOW" />
11-->src/debug/AndroidManifest.xml:5:5-77
11-->src/debug/AndroidManifest.xml:5:22-75
12    <uses-permission android:name="android.permission.INTERNET" />
12-->src/main/AndroidManifest.xml:3:5-67
12-->src/main/AndroidManifest.xml:3:22-64
13    <uses-permission android:name="android.permission.WRITE_EXTERNAL_STORAGE" />
13-->src/main/AndroidManifest.xml:4:5-81
13-->src/main/AndroidManifest.xml:4:22-78
14    <uses-permission android:name="android.permission.READ_EXTERNAL_STORAGE" />
14-->src/main/AndroidManifest.xml:5:5-80
14-->src/main/AndroidManifest.xml:5:22-77
15    <uses-permission android:name="android.permission.ACCESS_WIFI_STATE" /> <!-- Required to access Google Play Licensing -->
15-->[com.facebook.flipper:flipper:0.182.0] AndroidManifest.xml:16:5-76
15-->[com.facebook.flipper:flipper:0.182.0] AndroidManifest.xml:16:22-73
16    <uses-permission android:name="com.android.vending.CHECK_LICENSE" />
16-->[:rn-fetch-blob] AndroidManifest.xml:8:5-73
16-->[:rn-fetch-blob] AndroidManifest.xml:8:22-70
17    <!--
18         Required to keep CPU alive while downloading files
19        (NOT to keep screen awake)
20    -->
21    <uses-permission android:name="android.permission.WAKE_LOCK" />
21-->[:rn-fetch-blob] AndroidManifest.xml:17:5-68
21-->[:rn-fetch-blob] AndroidManifest.xml:17:22-65
22    <!--
23         Required to poll the state of the network connection
24        and respond to changes
25    -->
26    <uses-permission android:name="android.permission.ACCESS_NETWORK_STATE" />
26-->[:rn-fetch-blob] AndroidManifest.xml:23:5-79
26-->[:rn-fetch-blob] AndroidManifest.xml:23:22-76
27
28    <application
28-->src/main/AndroidManifest.xml:6:5-27:19
29        android:name="com.awesomeprojecthandwritting.MainApplication"
29-->src/main/AndroidManifest.xml:7:7-38
30        android:allowBackup="false"
30-->src/main/AndroidManifest.xml:11:7-34
31        android:appComponentFactory="androidx.core.app.CoreComponentFactory"
31-->[androidx.core:core:1.7.0] AndroidManifest.xml:24:18-86
32        android:debuggable="true"
33        android:icon="@mipmap/ic_launcher"
33-->src/main/AndroidManifest.xml:9:7-41
34        android:label="@string/app_name"
34-->src/main/AndroidManifest.xml:8:7-39
35        android:requestLegacyExternalStorage="true"
35-->src/main/AndroidManifest.xml:12:7-50
36        android:roundIcon="@mipmap/ic_launcher_round"
36-->src/main/AndroidManifest.xml:10:7-52
37        android:theme="@style/AppTheme"
37-->src/main/AndroidManifest.xml:13:7-38
38        android:usesCleartextTraffic="true" >
38-->src/debug/AndroidManifest.xml:8:9-44
39        <activity
39-->src/debug/AndroidManifest.xml:11:9-111
40            android:name="com.facebook.react.devsupport.DevSettingsActivity"
40-->src/debug/AndroidManifest.xml:11:19-83
41            android:exported="false" />
41-->src/debug/AndroidManifest.xml:11:84-108
42        <activity
42-->src/main/AndroidManifest.xml:14:7-26:18
43            android:name="com.awesomeprojecthandwritting.MainActivity"
43-->src/main/AndroidManifest.xml:15:9-37
44            android:configChanges="keyboard|keyboardHidden|orientation|screenLayout|screenSize|smallestScreenSize|uiMode"
44-->src/main/AndroidManifest.xml:17:9-118
45            android:exported="true"
45-->src/main/AndroidManifest.xml:20:9-32
46            android:label="@string/app_name"
46-->src/main/AndroidManifest.xml:16:9-41
47            android:launchMode="singleTask"
47-->src/main/AndroidManifest.xml:18:9-40
48            android:windowSoftInputMode="adjustResize" >
48-->src/main/AndroidManifest.xml:19:9-51
49            <intent-filter>
49-->src/main/AndroidManifest.xml:21:9-25:25
50                <action android:name="android.intent.action.MAIN" />
50-->src/main/AndroidManifest.xml:22:13-65
50-->src/main/AndroidManifest.xml:22:21-62
51
52                <category android:name="android.intent.category.LAUNCHER" />
52-->src/main/AndroidManifest.xml:23:13-73
52-->src/main/AndroidManifest.xml:23:23-70
53            </intent-filter>
54        </activity>
55
56        <provider
56-->[:rn-fetch-blob] AndroidManifest.xml:32:9-40:20
57            android:name="com.RNFetchBlob.Utils.FileProvider"
57-->[:rn-fetch-blob] AndroidManifest.xml:33:13-62
58            android:authorities="com.awesomeprojecthandwritting.provider"
58-->[:rn-fetch-blob] AndroidManifest.xml:34:13-60
59            android:exported="false"
59-->[:rn-fetch-blob] AndroidManifest.xml:35:13-37
60            android:grantUriPermissions="true" >
60-->[:rn-fetch-blob] AndroidManifest.xml:36:13-47
61            <meta-data
61-->[:rn-fetch-blob] AndroidManifest.xml:37:13-39:58
62                android:name="android.support.FILE_PROVIDER_PATHS"
62-->[:rn-fetch-blob] AndroidManifest.xml:38:17-67
63                android:resource="@xml/provider_paths" />
63-->[:rn-fetch-blob] AndroidManifest.xml:39:17-55
64        </provider>
65        <provider
65-->[:react-native-webview] AndroidManifest.xml:8:9-16:20
66            android:name="com.reactnativecommunity.webview.RNCWebViewFileProvider"
66-->[:react-native-webview] AndroidManifest.xml:9:13-83
67            android:authorities="com.awesomeprojecthandwritting.fileprovider"
67-->[:react-native-webview] AndroidManifest.xml:10:13-64
68            android:exported="false"
68-->[:react-native-webview] AndroidManifest.xml:11:13-37
69            android:grantUriPermissions="true" >
69-->[:react-native-webview] AndroidManifest.xml:12:13-47
70            <meta-data
70-->[:rn-fetch-blob] AndroidManifest.xml:37:13-39:58
71                android:name="android.support.FILE_PROVIDER_PATHS"
71-->[:rn-fetch-blob] AndroidManifest.xml:38:17-67
72                android:resource="@xml/file_provider_paths" />
72-->[:rn-fetch-blob] AndroidManifest.xml:39:17-55
73        </provider>
74
75        <meta-data
75-->[com.facebook.soloader:soloader:0.10.5] AndroidManifest.xml:12:9-14:37
76            android:name="com.facebook.soloader.enabled"
76-->[com.facebook.soloader:soloader:0.10.5] AndroidManifest.xml:13:13-57
77            android:value="false" />
77-->[com.facebook.soloader:soloader:0.10.5] AndroidManifest.xml:14:13-34
78
79        <provider
79-->[androidx.emoji2:emoji2:1.0.0] AndroidManifest.xml:26:9-34:20
80            android:name="androidx.startup.InitializationProvider"
80-->[androidx.emoji2:emoji2:1.0.0] AndroidManifest.xml:27:13-67
81            android:authorities="com.awesomeprojecthandwritting.androidx-startup"
81-->[androidx.emoji2:emoji2:1.0.0] AndroidManifest.xml:28:13-68
82            android:exported="false" >
82-->[androidx.emoji2:emoji2:1.0.0] AndroidManifest.xml:29:13-37
83            <meta-data
83-->[androidx.emoji2:emoji2:1.0.0] AndroidManifest.xml:31:13-33:52
84                android:name="androidx.emoji2.text.EmojiCompatInitializer"
84-->[androidx.emoji2:emoji2:1.0.0] AndroidManifest.xml:32:17-75
85                android:value="androidx.startup" />
85-->[androidx.emoji2:emoji2:1.0.0] AndroidManifest.xml:33:17-49
86            <meta-data
86-->[androidx.lifecycle:lifecycle-process:2.4.0] AndroidManifest.xml:31:13-33:52
87                android:name="androidx.lifecycle.ProcessLifecycleInitializer"
87-->[androidx.lifecycle:lifecycle-process:2.4.0] AndroidManifest.xml:32:17-78
88                android:value="androidx.startup" />
88-->[androidx.lifecycle:lifecycle-process:2.4.0] AndroidManifest.xml:33:17-49
89        </provider>
90    </application>
91
92</manifest>